[2025-05-15] You have an error in your SQL syntax; check the manual that corresponds to your MySQL server version for the right syntax to use near 'count(tickets.id) tikes
from rifas 
inner join tickets on tickets.id_rifa = rifa' at line 1
[2025-05-15] You have an error in your SQL syntax; check the manual that corresponds to your MySQL server version for the right syntax to use near ') fondos_recaudados, 
count(tickets.id) tikes
from rifas 
inner join tickets on ' at line 3
[2025-05-15] TypeError: RaffleModel.getTicketsByEmail is not a function
    at getTicketsByEmail (C:\Users\Windows10\Desktop\dedezero-server\src\controllers\RaffleController.js:87:47)
    at Layer.handleRequest (C:\Users\Windows10\Desktop\dedezero-server\node_modules\router\lib\layer.js:152:17)
    at next (C:\Users\Windows10\Desktop\dedezero-server\node_modules\router\lib\route.js:157:13)
    at Route.dispatch (C:\Users\Windows10\Desktop\dedezero-server\node_modules\router\lib\route.js:117:3)
    at handle (C:\Users\Windows10\Desktop\dedezero-server\node_modules\router\index.js:435:11)
    at Layer.handleRequest (C:\Users\Windows10\Desktop\dedezero-server\node_modules\router\lib\layer.js:152:17)
    at C:\Users\Windows10\Desktop\dedezero-server\node_modules\router\index.js:295:15
    at processParams (C:\Users\Windows10\Desktop\dedezero-server\node_modules\router\index.js:582:12)
    at next (C:\Users\Windows10\Desktop\dedezero-server\node_modules\router\index.js:291:5)
    at Function.handle (C:\Users\Windows10\Desktop\dedezero-server\node_modules\router\index.js:186:3)
[2025-05-15] TypeError: RaffleModel.getTicketsByEmail is not a function
    at getTicketsByEmail (C:\Users\Windows10\Desktop\dedezero-server\src\controllers\RaffleController.js:87:47)
    at Layer.handleRequest (C:\Users\Windows10\Desktop\dedezero-server\node_modules\router\lib\layer.js:152:17)
    at next (C:\Users\Windows10\Desktop\dedezero-server\node_modules\router\lib\route.js:157:13)
    at Route.dispatch (C:\Users\Windows10\Desktop\dedezero-server\node_modules\router\lib\route.js:117:3)
    at handle (C:\Users\Windows10\Desktop\dedezero-server\node_modules\router\index.js:435:11)
    at Layer.handleRequest (C:\Users\Windows10\Desktop\dedezero-server\node_modules\router\lib\layer.js:152:17)
    at C:\Users\Windows10\Desktop\dedezero-server\node_modules\router\index.js:295:15
    at processParams (C:\Users\Windows10\Desktop\dedezero-server\node_modules\router\index.js:582:12)
    at next (C:\Users\Windows10\Desktop\dedezero-server\node_modules\router\index.js:291:5)
    at Function.handle (C:\Users\Windows10\Desktop\dedezero-server\node_modules\router\index.js:186:3)
[2025-05-15] Cannot read properties of null (reading 'split')
[2025-05-15] Usuario o contraseña a incorrectos
[2025-05-15] TimeoutError: Navigation timeout of 20000 ms exceeded
    at new Deferred (C:\Users\Windows10\Desktop\dedezero-server\node_modules\puppeteer-core\lib\cjs\puppeteer\util\Deferred.js:60:34)
    at Deferred.create (C:\Users\Windows10\Desktop\dedezero-server\node_modules\puppeteer-core\lib\cjs\puppeteer\util\Deferred.js:21:16)
    at new LifecycleWatcher (C:\Users\Windows10\Desktop\dedezero-server\node_modules\puppeteer-core\lib\cjs\puppeteer\cdp\LifecycleWatcher.js:69:60)
    at CdpFrame.goto (C:\Users\Windows10\Desktop\dedezero-server\node_modules\puppeteer-core\lib\cjs\puppeteer\cdp\Frame.js:148:29)
    at CdpFrame.<anonymous> (C:\Users\Windows10\Desktop\dedezero-server\node_modules\puppeteer-core\lib\cjs\puppeteer\util\decorators.js:109:27)
    at CdpPage.goto (C:\Users\Windows10\Desktop\dedezero-server\node_modules\puppeteer-core\lib\cjs\puppeteer\api\Page.js:574:43)
    at getDollarRates (C:\Users\Windows10\Desktop\dedezero-server\src\controllers\PayController.js:96:24)
[2025-05-15] Error: net::ERR_CONNECTION_CLOSED at https://monitordolarvenezuela.com/
    at navigate (C:\Users\Windows10\Desktop\dedezero-server\node_modules\puppeteer-core\lib\cjs\puppeteer\cdp\Frame.js:183:27)
    at async Deferred.race (C:\Users\Windows10\Desktop\dedezero-server\node_modules\puppeteer-core\lib\cjs\puppeteer\util\Deferred.js:36:20)
    at async CdpFrame.goto (C:\Users\Windows10\Desktop\dedezero-server\node_modules\puppeteer-core\lib\cjs\puppeteer\cdp\Frame.js:149:25)
    at async CdpPage.goto (C:\Users\Windows10\Desktop\dedezero-server\node_modules\puppeteer-core\lib\cjs\puppeteer\api\Page.js:574:20)
    at async getDollarRates (C:\Users\Windows10\Desktop\dedezero-server\src\controllers\PayController.js:96:13)
[2025-05-15] TimeoutError: Navigation timeout of 20000 ms exceeded
    at Deferred (C:\Users\Windows10\Desktop\dedezero-server\node_modules\puppeteer-core\lib\cjs\puppeteer\util\Deferred.js:60:34)
    at Deferred.create (C:\Users\Windows10\Desktop\dedezero-server\node_modules\puppeteer-core\lib\cjs\puppeteer\util\Deferred.js:21:16)
    at new LifecycleWatcher (C:\Users\Windows10\Desktop\dedezero-server\node_modules\puppeteer-core\lib\cjs\puppeteer\cdp\LifecycleWatcher.js:69:60)
    at CdpFrame.goto (C:\Users\Windows10\Desktop\dedezero-server\node_modules\puppeteer-core\lib\cjs\puppeteer\cdp\Frame.js:148:29)
    at CdpFrame.<anonymous> (C:\Users\Windows10\Desktop\dedezero-server\node_modules\puppeteer-core\lib\cjs\puppeteer\util\decorators.js:109:27)
    at CdpPage.goto (C:\Users\Windows10\Desktop\dedezero-server\node_modules\puppeteer-core\lib\cjs\puppeteer\api\Page.js:574:43)
    at getDollarRates (C:\Users\Windows10\Desktop\dedezero-server\src\controllers\PayController.js:96:24)
[2025-05-15] Error: net::ERR_CONNECTION_CLOSED at https://monitordolarvenezuela.com/
    at navigate (C:\Users\Windows10\Desktop\dedezero-server\node_modules\puppeteer-core\lib\cjs\puppeteer\cdp\Frame.js:183:27)
    at async Deferred.race (C:\Users\Windows10\Desktop\dedezero-server\node_modules\puppeteer-core\lib\cjs\puppeteer\util\Deferred.js:36:20)
    at async CdpFrame.goto (C:\Users\Windows10\Desktop\dedezero-server\node_modules\puppeteer-core\lib\cjs\puppeteer\cdp\Frame.js:149:25)
    at async CdpPage.goto (C:\Users\Windows10\Desktop\dedezero-server\node_modules\puppeteer-core\lib\cjs\puppeteer\api\Page.js:574:20)
    at async getDollarRates (C:\Users\Windows10\Desktop\dedezero-server\src\controllers\PayController.js:96:13)
[2025-05-15] Error: net::ERR_CONNECTION_CLOSED at https://monitordolarvenezuela.com/
    at navigate (C:\Users\Windows10\Desktop\dedezero-server\node_modules\puppeteer-core\lib\cjs\puppeteer\cdp\Frame.js:183:27)
    at async Deferred.race (C:\Users\Windows10\Desktop\dedezero-server\node_modules\puppeteer-core\lib\cjs\puppeteer\util\Deferred.js:36:20)
    at async CdpFrame.goto (C:\Users\Windows10\Desktop\dedezero-server\node_modules\puppeteer-core\lib\cjs\puppeteer\cdp\Frame.js:149:25)
    at async CdpPage.goto (C:\Users\Windows10\Desktop\dedezero-server\node_modules\puppeteer-core\lib\cjs\puppeteer\api\Page.js:574:20)
    at async getDollarRates (C:\Users\Windows10\Desktop\dedezero-server\src\controllers\PayController.js:96:13)
[2025-05-15] Error: net::ERR_CONNECTION_CLOSED at https://monitordolarvenezuela.com/
    at navigate (C:\Users\Windows10\Desktop\dedezero-server\node_modules\puppeteer-core\lib\cjs\puppeteer\cdp\Frame.js:183:27)
    at async Deferred.race (C:\Users\Windows10\Desktop\dedezero-server\node_modules\puppeteer-core\lib\cjs\puppeteer\util\Deferred.js:36:20)
    at async CdpFrame.goto (C:\Users\Windows10\Desktop\dedezero-server\node_modules\puppeteer-core\lib\cjs\puppeteer\cdp\Frame.js:149:25)
    at async CdpPage.goto (C:\Users\Windows10\Desktop\dedezero-server\node_modules\puppeteer-core\lib\cjs\puppeteer\api\Page.js:574:20)
    at async getDollarRates (C:\Users\Windows10\Desktop\dedezero-server\src\controllers\PayController.js:96:13)
[2025-05-15] Error: net::ERR_CONNECTION_CLOSED at https://monitordolarvenezuela.com/
    at navigate (C:\Users\Windows10\Desktop\dedezero-server\node_modules\puppeteer-core\lib\cjs\puppeteer\cdp\Frame.js:183:27)
    at async Deferred.race (C:\Users\Windows10\Desktop\dedezero-server\node_modules\puppeteer-core\lib\cjs\puppeteer\util\Deferred.js:36:20)
    at async CdpFrame.goto (C:\Users\Windows10\Desktop\dedezero-server\node_modules\puppeteer-core\lib\cjs\puppeteer\cdp\Frame.js:149:25)
    at async CdpPage.goto (C:\Users\Windows10\Desktop\dedezero-server\node_modules\puppeteer-core\lib\cjs\puppeteer\api\Page.js:574:20)
    at async getDollarRates (C:\Users\Windows10\Desktop\dedezero-server\src\controllers\PayController.js:96:13)
[2025-05-15] Error: net::ERR_CONNECTION_CLOSED at https://monitordolarvenezuela.com/
    at navigate (C:\Users\Windows10\Desktop\dedezero-server\node_modules\puppeteer-core\lib\cjs\puppeteer\cdp\Frame.js:183:27)
    at async Deferred.race (C:\Users\Windows10\Desktop\dedezero-server\node_modules\puppeteer-core\lib\cjs\puppeteer\util\Deferred.js:36:20)
    at async CdpFrame.goto (C:\Users\Windows10\Desktop\dedezero-server\node_modules\puppeteer-core\lib\cjs\puppeteer\cdp\Frame.js:149:25)
    at async CdpPage.goto (C:\Users\Windows10\Desktop\dedezero-server\node_modules\puppeteer-core\lib\cjs\puppeteer\api\Page.js:574:20)
    at async getDollarRates (C:\Users\Windows10\Desktop\dedezero-server\src\controllers\PayController.js:96:13)
