[2025-05-11] Usuario o contraseña a incorrectos
[2025-05-11] TimeoutError: Navigation timeout of 20000 ms exceeded
    at Deferred (C:\Users\Windows10\Desktop\dedezero-server\node_modules\puppeteer-core\lib\cjs\puppeteer\util\Deferred.js:60:34)
    at Deferred.create (C:\Users\Windows10\Desktop\dedezero-server\node_modules\puppeteer-core\lib\cjs\puppeteer\util\Deferred.js:21:16)
    at new LifecycleWatcher (C:\Users\Windows10\Desktop\dedezero-server\node_modules\puppeteer-core\lib\cjs\puppeteer\cdp\LifecycleWatcher.js:69:60)
    at CdpFrame.goto (C:\Users\Windows10\Desktop\dedezero-server\node_modules\puppeteer-core\lib\cjs\puppeteer\cdp\Frame.js:148:29)
    at CdpFrame.<anonymous> (C:\Users\Windows10\Desktop\dedezero-server\node_modules\puppeteer-core\lib\cjs\puppeteer\util\decorators.js:109:27)
    at CdpPage.goto (C:\Users\Windows10\Desktop\dedezero-server\node_modules\puppeteer-core\lib\cjs\puppeteer\api\Page.js:574:43)
    at getDollarRates (C:\Users\Windows10\Desktop\dedezero-server\src\controllers\PayController.js:89:24)
[2025-05-11] Cannot read properties of undefined (reading 'correo')
[2025-05-11] Cannot read properties of undefined (reading 'correo')
[2025-05-11] Cannot read properties of undefined (reading 'correo')
[2025-05-11] Incorrect arguments to mysqld_stmt_execute
[2025-05-11] Error: Incorrect arguments to mysqld_stmt_execute
    at PromisePool.execute (C:\Users\Windows10\Desktop\dedezero-server\node_modules\mysql2\lib\promise\pool.js:54:22)
    at UserModel.saveConfigWeb (C:\Users\Windows10\Desktop\dedezero-server\src\models\UserModel.js:30:45)
    at process.processTicksAndRejections (node:internal/process/task_queues:95:5)
    at async saveConfigWeb (C:\Users\Windows10\Desktop\dedezero-server\src\controllers\UserController.js:37:17)
[2025-05-11] Error: CONSTRAINT `config.tasa_banco` failed for `desdezero`.`config`
    at PromisePool.execute (C:\Users\Windows10\Desktop\dedezero-server\node_modules\mysql2\lib\promise\pool.js:54:22)
    at UserModel.saveConfigWeb (C:\Users\Windows10\Desktop\dedezero-server\src\models\UserModel.js:30:45)
    at process.processTicksAndRejections (node:internal/process/task_queues:95:5)
    at async saveConfigWeb (C:\Users\Windows10\Desktop\dedezero-server\src\controllers\UserController.js:37:17)
