[2025-05-12] Duplicate entry '' for key 'correo'
[2025-05-12] No hay rifas activas, no se puede crear el pago
[2025-05-12] No hay rifas activas, no se puede crear el pago
[2025-05-12] Cannot read properties of undefined (reading 'pay')
[2025-05-12] Cannot read properties of undefined (reading 'pay')
[2025-05-12] Cannot read properties of undefined (reading 'pay')
[2025-05-12] Cannot read properties of undefined (reading 'pay')
[2025-05-12] Cannot read properties of undefined (reading 'pay')
[2025-05-12] Cannot read properties of undefined (reading 'pay')
[2025-05-12] Cannot read properties of undefined (reading 'id')
[2025-05-12] Cannot read properties of undefined (reading 'id')
[2025-05-12] TimeoutError: Navigation timeout of 20000 ms exceeded
    at Deferred (C:\Users\Windows10\Desktop\dedezero-server\node_modules\puppeteer-core\lib\cjs\puppeteer\util\Deferred.js:60:34)
    at Deferred.create (C:\Users\Windows10\Desktop\dedezero-server\node_modules\puppeteer-core\lib\cjs\puppeteer\util\Deferred.js:21:16)
    at new LifecycleWatcher (C:\Users\Windows10\Desktop\dedezero-server\node_modules\puppeteer-core\lib\cjs\puppeteer\cdp\LifecycleWatcher.js:69:60)
    at CdpFrame.goto (C:\Users\Windows10\Desktop\dedezero-server\node_modules\puppeteer-core\lib\cjs\puppeteer\cdp\Frame.js:148:29)
    at CdpFrame.<anonymous> (C:\Users\Windows10\Desktop\dedezero-server\node_modules\puppeteer-core\lib\cjs\puppeteer\util\decorators.js:109:27)
    at CdpPage.goto (C:\Users\Windows10\Desktop\dedezero-server\node_modules\puppeteer-core\lib\cjs\puppeteer\api\Page.js:574:43)
    at getDollarRates (C:\Users\Windows10\Desktop\dedezero-server\src\controllers\PayController.js:92:24)
[2025-05-12] TimeoutError: Navigation timeout of 20000 ms exceeded
    at Deferred (C:\Users\Windows10\Desktop\dedezero-server\node_modules\puppeteer-core\lib\cjs\puppeteer\util\Deferred.js:60:34)
    at Deferred.create (C:\Users\Windows10\Desktop\dedezero-server\node_modules\puppeteer-core\lib\cjs\puppeteer\util\Deferred.js:21:16)
    at new LifecycleWatcher (C:\Users\Windows10\Desktop\dedezero-server\node_modules\puppeteer-core\lib\cjs\puppeteer\cdp\LifecycleWatcher.js:69:60)
    at CdpFrame.goto (C:\Users\Windows10\Desktop\dedezero-server\node_modules\puppeteer-core\lib\cjs\puppeteer\cdp\Frame.js:148:29)
    at CdpFrame.<anonymous> (C:\Users\Windows10\Desktop\dedezero-server\node_modules\puppeteer-core\lib\cjs\puppeteer\util\decorators.js:109:27)
    at CdpPage.goto (C:\Users\Windows10\Desktop\dedezero-server\node_modules\puppeteer-core\lib\cjs\puppeteer\api\Page.js:574:43)
    at getDollarRates (C:\Users\Windows10\Desktop\dedezero-server\src\controllers\PayController.js:92:24)
[2025-05-12] TimeoutError: Navigation timeout of 20000 ms exceeded
    at Deferred (C:\Users\Windows10\Desktop\dedezero-server\node_modules\puppeteer-core\lib\cjs\puppeteer\util\Deferred.js:60:34)
    at Deferred.create (C:\Users\Windows10\Desktop\dedezero-server\node_modules\puppeteer-core\lib\cjs\puppeteer\util\Deferred.js:21:16)
    at new LifecycleWatcher (C:\Users\Windows10\Desktop\dedezero-server\node_modules\puppeteer-core\lib\cjs\puppeteer\cdp\LifecycleWatcher.js:69:60)
    at CdpFrame.goto (C:\Users\Windows10\Desktop\dedezero-server\node_modules\puppeteer-core\lib\cjs\puppeteer\cdp\Frame.js:148:29)
    at CdpFrame.<anonymous> (C:\Users\Windows10\Desktop\dedezero-server\node_modules\puppeteer-core\lib\cjs\puppeteer\util\decorators.js:109:27)
    at CdpPage.goto (C:\Users\Windows10\Desktop\dedezero-server\node_modules\puppeteer-core\lib\cjs\puppeteer\api\Page.js:574:43)
    at getDollarRates (C:\Users\Windows10\Desktop\dedezero-server\src\controllers\PayController.js:92:24)
[2025-05-12] TimeoutError: Navigation timeout of 20000 ms exceeded
    at Deferred (C:\Users\Windows10\Desktop\dedezero-server\node_modules\puppeteer-core\lib\cjs\puppeteer\util\Deferred.js:60:34)
    at Deferred.create (C:\Users\Windows10\Desktop\dedezero-server\node_modules\puppeteer-core\lib\cjs\puppeteer\util\Deferred.js:21:16)
    at new LifecycleWatcher (C:\Users\Windows10\Desktop\dedezero-server\node_modules\puppeteer-core\lib\cjs\puppeteer\cdp\LifecycleWatcher.js:69:60)
    at CdpFrame.goto (C:\Users\Windows10\Desktop\dedezero-server\node_modules\puppeteer-core\lib\cjs\puppeteer\cdp\Frame.js:148:29)
    at CdpFrame.<anonymous> (C:\Users\Windows10\Desktop\dedezero-server\node_modules\puppeteer-core\lib\cjs\puppeteer\util\decorators.js:109:27)
    at CdpPage.goto (C:\Users\Windows10\Desktop\dedezero-server\node_modules\puppeteer-core\lib\cjs\puppeteer\api\Page.js:574:43)
    at getDollarRates (C:\Users\Windows10\Desktop\dedezero-server\src\controllers\PayController.js:92:24)
[2025-05-12] Incorrect arguments to mysqld_stmt_execute
[2025-05-12] Incorrect arguments to mysqld_stmt_execute
[2025-05-12] Incorrect arguments to mysqld_stmt_execute
[2025-05-12] Incorrect arguments to mysqld_stmt_execute
[2025-05-12] Incorrect arguments to mysqld_stmt_execute
